-------------------------------------------------------------------------------
Test set: com.mafarawa.connect.DBGateTests
-------------------------------------------------------------------------------
Tests run: 1, Failures: 1, Errors: 0, Skipped: 0, Time elapsed: 1.631 s <<< FAILURE! - in com.mafarawa.connect.DBGateTests
testConnection(com.mafarawa.connect.DBGateTests)  Time elapsed: 1.242 s  <<< FAILURE!
java.lang.AssertionError: expected same:<org.postgresql.jdbc.PgConnection@4470f8a6> was not:<org.postgresql.jdbc.PgConnection@7c83dc97>
	at com.mafarawa.connect.DBGateTests.testConnection(DBGateTests.java:20)

